c:\users\crejzer\documents\visual studio 2015\projects\shipgame\shipgame\debug\vc140.pdb
c:\users\crejzer\documents\visual studio 2015\projects\shipgame\shipgame\debug\user.obj
c:\users\crejzer\documents\visual studio 2015\projects\shipgame\shipgame\debug\update.obj
c:\users\crejzer\documents\visual studio 2015\projects\shipgame\shipgame\debug\ship.obj
c:\users\crejzer\documents\visual studio 2015\projects\shipgame\shipgame\debug\sea.obj
c:\users\crejzer\documents\visual studio 2015\projects\shipgame\shipgame\debug\screan.obj
c:\users\crejzer\documents\visual studio 2015\projects\shipgame\shipgame\debug\qhoversensitivebutton.obj
c:\users\crejzer\documents\visual studio 2015\projects\shipgame\shipgame\debug\partship.obj
c:\users\crejzer\documents\visual studio 2015\projects\shipgame\shipgame\debug\main.obj
c:\users\crejzer\documents\visual studio 2015\projects\shipgame\shipgame\debug\moc_update.obj
c:\users\crejzer\documents\visual studio 2015\projects\shipgame\shipgame\debug\moc_shipgame.obj
c:\users\crejzer\documents\visual studio 2015\projects\shipgame\shipgame\debug\moc_gamemain.obj
c:\users\crejzer\documents\visual studio 2015\projects\shipgame\shipgame\debug\gamemain.obj
c:\users\crejzer\documents\visual studio 2015\projects\shipgame\shipgame\debug\computer.obj
c:\users\crejzer\documents\visual studio 2015\projects\shipgame\shipgame\debug\shipgame.obj
c:\users\crejzer\documents\visual studio 2015\projects\shipgame\shipgame\debug\qrc_shipgame.obj
c:\users\crejzer\documents\visual studio 2015\projects\shipgame\shipgame\generatedfiles\debug\moc_update.cpp
c:\users\crejzer\documents\visual studio 2015\projects\shipgame\shipgame\generatedfiles\qrc_shipgame.cpp
c:\users\crejzer\documents\visual studio 2015\projects\shipgame\shipgame\generatedfiles\ui_gameview.h
c:\users\crejzer\documents\visual studio 2015\projects\shipgame\shipgame\generatedfiles\debug\moc_gamemain.cpp
c:\users\crejzer\documents\visual studio 2015\projects\shipgame\shipgame\generatedfiles\ui_shipgame.h
c:\users\crejzer\documents\visual studio 2015\projects\shipgame\shipgame\generatedfiles\debug\moc_shipgame.cpp
c:\users\crejzer\documents\visual studio 2015\projects\shipgame\win32\debug\shipgame.ilk
c:\users\crejzer\documents\visual studio 2015\projects\shipgame\win32\debug\shipgame.exe
c:\users\crejzer\documents\visual studio 2015\projects\shipgame\win32\debug\shipgame.pdb
c:\users\crejzer\documents\visual studio 2015\projects\shipgame\shipgame\debug\shipgame.tlog\cl.command.1.tlog
c:\users\crejzer\documents\visual studio 2015\projects\shipgame\shipgame\debug\shipgame.tlog\cl.read.1.tlog
c:\users\crejzer\documents\visual studio 2015\projects\shipgame\shipgame\debug\shipgame.tlog\cl.write.1.tlog
c:\users\crejzer\documents\visual studio 2015\projects\shipgame\shipgame\debug\shipgame.tlog\custombuild.command.1.tlog
c:\users\crejzer\documents\visual studio 2015\projects\shipgame\shipgame\debug\shipgame.tlog\custombuild.read.1.tlog
c:\users\crejzer\documents\visual studio 2015\projects\shipgame\shipgame\debug\shipgame.tlog\custombuild.write.1.tlog
c:\users\crejzer\documents\visual studio 2015\projects\shipgame\shipgame\debug\shipgame.tlog\link.command.1.tlog
c:\users\crejzer\documents\visual studio 2015\projects\shipgame\shipgame\debug\shipgame.tlog\link.read.1.tlog
c:\users\crejzer\documents\visual studio 2015\projects\shipgame\shipgame\debug\shipgame.tlog\link.write.1.tlog
